test
[2026-03-18 09:30:11]   ✅ 统计 - 词条:40, 词根:30
[2026-03-18 09:30:11] GET /api/stats HTTP/1.1
[2026-03-18 09:31:39] 服务启动
[2026-03-18 09:32:02]   ✅ 新增词条 - ID:43, 日志测试(log_test), 分类:通用类, 状态:draft
[2026-03-18 09:32:02] POST /api/words HTTP/1.1
[2026-03-18 09:33:05]   ✅ 删除词条 - ID:43, 日志测试(log_test)
[2026-03-18 09:33:05] DELETE /api/words/43 HTTP/1.1
[2026-03-18 09:58:05] 服务启动
[2026-03-19 10:51:26] Service started
[2026-03-19 11:01:03]   Query roots: count=30
[2026-03-19 11:01:03]   Query words: total=40 page=1 size=9999
[2026-03-19 11:01:46]   Query roots: count=30
[2026-03-19 11:01:46]   Query words: total=40 page=1 size=9999
[2026-04-21 10:27:13] 服务启动
[2026-04-21 10:28:27] GET / HTTP/1.1
[2026-04-21 10:28:27]   ✅ 查询词根 - 共30条
[2026-04-21 10:28:27] GET /api/roots HTTP/1.1
[2026-04-21 10:28:27]   ✅ 查询词条 - 共40条, 第1页, 每页9999条
[2026-04-21 10:28:27] GET /api/words?size=9999 HTTP/1.1
[2026-04-21 10:28:27] GET /logo.jpg HTTP/1.1
[2026-04-21 10:28:27] GET /favicon.ico HTTP/1.1
[2026-04-21 10:37:17] 服务启动
[2026-04-21 10:37:24] GET / HTTP/1.1
[2026-04-21 10:37:24] GET /logo.jpg HTTP/1.1
[2026-04-21 10:37:24]   ✅ 查询词根 - 共30条
[2026-04-21 10:37:24] GET /api/roots HTTP/1.1
[2026-04-21 10:37:24]   ✅ 查询词条 - 共40条, 第1页, 每页9999条
[2026-04-21 10:37:24] GET /api/words?size=9999 HTTP/1.1
[2026-04-21 10:41:27] GET / HTTP/1.1
[2026-04-21 10:41:27] GET /logo.jpg HTTP/1.1
[2026-04-21 10:41:27]   ✅ 查询词根 - 共30条
[2026-04-21 10:41:27] GET /api/roots HTTP/1.1
[2026-04-21 10:41:27]   ✅ 查询词条 - 共40条, 第1页, 每页9999条
[2026-04-21 10:41:27] GET /api/words?size=9999 HTTP/1.1
[2026-04-21 10:51:26] POST /api/asset_parse HTTP/1.1
[2026-04-21 10:51:26] GET / HTTP/1.1
[2026-04-21 10:51:29] GET / HTTP/1.1
[2026-04-21 10:51:30]   ✅ 查询词根 - 共30条
[2026-04-21 10:51:30] GET /api/roots HTTP/1.1
[2026-04-21 10:51:30]   ✅ 查询词条 - 共40条, 第1页, 每页9999条
[2026-04-21 10:51:30] GET /api/words?size=9999 HTTP/1.1
[2026-04-21 10:51:30] GET /logo.jpg HTTP/1.1
[2026-04-21 10:51:39] GET / HTTP/1.1
[2026-04-21 10:51:39]   ✅ 查询词根 - 共30条
[2026-04-21 10:51:39] GET /api/roots HTTP/1.1
[2026-04-21 10:51:39]   ✅ 查询词条 - 共40条, 第1页, 每页9999条
[2026-04-21 10:51:39] GET /api/words?size=9999 HTTP/1.1
[2026-04-21 10:51:40] GET /logo.jpg HTTP/1.1
[2026-04-21 10:51:55] GET / HTTP/1.1
[2026-04-21 10:51:55] GET /logo.jpg HTTP/1.1
[2026-04-21 10:51:55]   ✅ 查询词根 - 共30条
[2026-04-21 10:51:55] GET /api/roots HTTP/1.1
[2026-04-21 10:51:55]   ✅ 查询词条 - 共40条, 第1页, 每页9999条
[2026-04-21 10:51:55] GET /api/words?size=9999 HTTP/1.1
[2026-04-21 10:52:34] GET / HTTP/1.1
[2026-04-21 10:52:34] GET / HTTP/1.1
[2026-04-21 10:52:34] GET / HTTP/1.1
[2026-04-21 10:52:35]   ✅ 查询词根 - 共30条
[2026-04-21 10:52:35] GET /api/roots HTTP/1.1
[2026-04-21 10:52:35]   ✅ 查询词条 - 共40条, 第1页, 每页9999条
[2026-04-21 10:52:35] GET /api/words?size=9999 HTTP/1.1
[2026-04-21 10:52:35] GET /logo.jpg HTTP/1.1
[2026-04-21 10:57:50] 服务启动
[2026-04-21 10:57:57] GET / HTTP/1.1
[2026-04-21 10:57:57] GET /logo.jpg HTTP/1.1
[2026-04-21 10:57:57]   ✅ 查询词根 - 共30条
[2026-04-21 10:57:57] GET /api/roots HTTP/1.1
[2026-04-21 10:57:57]   ✅ 查询词条 - 共40条, 第1页, 每页9999条
[2026-04-21 10:57:57] GET /api/words?size=9999 HTTP/1.1
[2026-04-21 11:12:16] POST /api/asset_parse HTTP/1.1
[2026-04-21 11:12:17] GET / HTTP/1.1
[2026-04-21 11:12:19] GET / HTTP/1.1
[2026-04-21 11:12:20]   ✅ 查询词根 - 共30条
[2026-04-21 11:12:20] GET /api/roots HTTP/1.1
[2026-04-21 11:12:20]   ✅ 查询词条 - 共40条, 第1页, 每页9999条
[2026-04-21 11:12:20] GET /api/words?size=9999 HTTP/1.1
[2026-04-21 11:12:20] GET /logo.jpg HTTP/1.1
[2026-04-21 11:12:21] GET /api/asset_history HTTP/1.1
[2026-04-21 11:12:37] GET /api/asset_history HTTP/1.1
[2026-04-21 11:14:12] GET / HTTP/1.1
[2026-04-21 11:14:12] GET /logo.jpg HTTP/1.1
[2026-04-21 11:14:12]   ✅ 查询词根 - 共30条
[2026-04-21 11:14:12] GET /api/roots HTTP/1.1
[2026-04-21 11:14:12]   ✅ 查询词条 - 共40条, 第1页, 每页9999条
[2026-04-21 11:14:12] GET /api/words?size=9999 HTTP/1.1
[2026-04-21 11:14:14] GET /api/asset_history HTTP/1.1
[2026-04-21 11:17:56] 服务启动
[2026-04-21 11:18:02] GET /api/asset_history HTTP/1.1
[2026-04-21 11:18:08]   ✅ 解析数据库设计文档 - L4:82个, L5:1367条
[2026-04-21 11:18:08] POST /api/asset_parse HTTP/1.1
[2026-04-21 11:18:08]   ✅ 分析L5规范问题 - 一词多义:98个, 一义多词:117个, 修改:426处
[2026-04-21 11:18:08] POST /api/asset_analyze HTTP/1.1
[2026-04-21 11:18:32] POST /api/asset_export HTTP/1.1
[2026-04-21 11:18:32]   ✅ 导出整改版Excel - 122043 bytes
[2026-04-21 11:18:35] GET /api/asset_history HTTP/1.1
[2026-04-21 11:18:48]   ✅ 解析数据库设计文档 - L4:82个, L5:1367条
[2026-04-21 11:18:48] POST /api/asset_parse HTTP/1.1
[2026-04-21 11:18:49]   ✅ 分析L5规范问题 - 一词多义:98个, 一义多词:117个, 修改:426处
[2026-04-21 11:18:49] POST /api/asset_analyze HTTP/1.1
[2026-04-21 11:21:01] GET /api/asset_history HTTP/1.1
[2026-04-21 11:22:01]   ✅ 解析数据库设计文档 - L4:70个, L5:1111条
[2026-04-21 11:22:01] POST /api/asset_parse HTTP/1.1
[2026-04-21 11:22:01]   ✅ 分析L5规范问题 - 一词多义:43个, 一义多词:20个, 修改:186处
[2026-04-21 11:22:01] POST /api/asset_analyze HTTP/1.1
[2026-04-21 11:23:19] GET /api/asset_history HTTP/1.1
[2026-04-21 11:27:38] GET /api/asset_history HTTP/1.1
[2026-04-21 11:28:14] GET / HTTP/1.1
[2026-04-21 11:28:14]   ✅ 查询词根 - 共30条
[2026-04-21 11:28:14] GET /api/roots HTTP/1.1
[2026-04-21 11:28:14]   ✅ 查询词条 - 共40条, 第1页, 每页9999条
[2026-04-21 11:28:14] GET /api/words?size=9999 HTTP/1.1
[2026-04-21 11:28:14] GET /logo.jpg HTTP/1.1
[2026-04-21 11:28:17] GET / HTTP/1.1
[2026-04-21 11:28:17] GET /logo.jpg HTTP/1.1
[2026-04-21 11:28:17]   ✅ 查询词根 - 共30条
[2026-04-21 11:28:17] GET /api/roots HTTP/1.1
[2026-04-21 11:28:17]   ✅ 查询词条 - 共40条, 第1页, 每页9999条
[2026-04-21 11:28:17] GET /api/words?size=9999 HTTP/1.1
[2026-04-21 11:28:18] GET /api/asset_history HTTP/1.1
[2026-04-21 11:28:22] GET /api/asset_history/3 HTTP/1.1
[2026-04-21 11:28:23] GET /api/asset_history HTTP/1.1
[2026-04-21 11:28:24] GET /api/asset_history/2 HTTP/1.1
[2026-04-21 11:28:25] GET /api/asset_history HTTP/1.1
[2026-04-21 11:28:35]   ✅ 解析数据库设计文档 - L4:120个, L5:2796条
[2026-04-21 11:28:35] POST /api/asset_parse HTTP/1.1
[2026-04-21 11:28:42] GET /api/asset_history HTTP/1.1
[2026-04-21 11:28:47]   ✅ 解析数据库设计文档 - L4:82个, L5:1367条
[2026-04-21 11:28:47] POST /api/asset_parse HTTP/1.1
[2026-04-21 11:29:05] GET /api/asset_history HTTP/1.1
[2026-04-21 11:32:44] GET /api/asset_history/1 HTTP/1.1
[2026-04-21 11:32:45] GET /api/asset_history HTTP/1.1
[2026-04-21 11:32:47] GET /api/asset_history/5 HTTP/1.1
[2026-04-21 11:32:47] GET /api/asset_history HTTP/1.1
[2026-04-21 11:32:49] GET /api/asset_history/4 HTTP/1.1
[2026-04-21 11:32:49] GET /api/asset_history HTTP/1.1
[2026-04-21 11:34:33] GET / HTTP/1.1
[2026-04-21 11:34:33] GET /logo.jpg HTTP/1.1
[2026-04-21 11:34:33]   ✅ 查询词根 - 共30条
[2026-04-21 11:34:33] GET /api/roots HTTP/1.1
[2026-04-21 11:34:33]   ✅ 查询词条 - 共40条, 第1页, 每页9999条
[2026-04-21 11:34:33] GET /api/words?size=9999 HTTP/1.1
[2026-04-21 11:34:35] GET /api/asset_history HTTP/1.1
[2026-04-21 11:34:41]   ✅ 解析数据库设计文档 - L4:120个, L5:2796条
[2026-04-21 11:34:41] POST /api/asset_parse HTTP/1.1
[2026-04-21 11:34:46] GET /api/asset_history HTTP/1.1
[2026-04-21 11:35:00]   ✅ 解析数据库设计文档 - L4:82个, L5:1367条
[2026-04-21 11:35:00] POST /api/asset_parse HTTP/1.1
[2026-04-21 11:38:36] 服务启动
[2026-04-21 11:38:40] GET / HTTP/1.1
[2026-04-21 11:38:40] GET /logo.jpg HTTP/1.1
[2026-04-21 11:38:41]   ✅ 查询词根 - 共30条
[2026-04-21 11:38:41] GET /api/roots HTTP/1.1
[2026-04-21 11:38:41]   ✅ 查询词条 - 共40条, 第1页, 每页9999条
[2026-04-21 11:38:41] GET /api/words?size=9999 HTTP/1.1
[2026-04-21 11:38:42] GET /api/asset_history HTTP/1.1
[2026-04-21 11:38:49]   解析完成: L4=120, L5=2796
[2026-04-21 11:38:49]   L5样本: en='cust_apply_no', cn='客户申请编号'
[2026-04-21 11:38:49]   有效L5(en+cn非空): 2796
[2026-04-21 11:38:49]   分析结果: mcn=50, men=9, changes=101
[2026-04-21 11:38:49]   ✅ 解析文档 - 02.烟台华新数智化改造项目一期_数据库设计_营销分册_v20260420.docx → L4:120个, L5:2796条, 问题:59个
[2026-04-21 11:38:49] POST /api/asset_parse HTTP/1.1
[2026-04-21 11:38:56] POST /api/asset_export HTTP/1.1
[2026-04-21 11:38:56]   ✅ 导出整改版Excel - 181254 bytes
[2026-04-21 11:41:45] GET /api/asset_history HTTP/1.1
[2026-04-21 11:41:53] GET / HTTP/1.1
[2026-04-21 11:41:53]   ✅ 查询词根 - 共30条
[2026-04-21 11:41:53] GET /api/roots HTTP/1.1
[2026-04-21 11:41:53]   ✅ 查询词条 - 共40条, 第1页, 每页9999条
[2026-04-21 11:41:53] GET /api/words?size=9999 HTTP/1.1
[2026-04-21 11:41:54] GET /logo.jpg HTTP/1.1
[2026-04-21 11:41:56] GET /api/asset_history HTTP/1.1
[2026-04-21 11:41:58] GET /api/asset_history HTTP/1.1
[2026-04-21 11:42:01] GET /api/asset_history HTTP/1.1
[2026-04-21 11:42:14]   解析完成: L4=70, L5=1111
[2026-04-21 11:42:14]   L5样本: en='id', cn='主键id'
[2026-04-21 11:42:14]   有效L5(en+cn非空): 1111
[2026-04-21 11:42:14]   分析结果: mcn=43, men=20, changes=186
[2026-04-21 11:42:14]   ✅ 解析文档 - 06-2.烟台华新数智化改造项目一期_需求设计说明书_数据库设计_安全管理分册.docx → L4:70个, L5:1111条, 问题:63个
[2026-04-21 11:42:14] POST /api/asset_parse HTTP/1.1
[2026-04-21 11:42:25] GET /api/asset_history HTTP/1.1
[2026-04-21 11:44:48] 服务启动
[2026-04-21 11:45:05] GET / HTTP/1.1
[2026-04-21 11:45:05] GET /logo.jpg HTTP/1.1
[2026-04-21 11:45:05]   ✅ 查询词根 - 共30条
[2026-04-21 11:45:05] GET /api/roots HTTP/1.1
[2026-04-21 11:45:05]   ✅ 查询词条 - 共40条, 第1页, 每页9999条
[2026-04-21 11:45:05] GET /api/words?size=9999 HTTP/1.1
[2026-04-21 11:45:07] GET /api/asset_history HTTP/1.1
[2026-04-21 11:45:09] GET /api/asset_history/7 HTTP/1.1
[2026-04-21 11:45:10] GET /api/asset_history HTTP/1.1
[2026-04-21 11:45:17]   解析完成: L4=82, L5=1367
[2026-04-21 11:45:17]   L5样本: en='ONLINE_ANNOUNCEMENT', cn='线上公告'
[2026-04-21 11:45:17]   有效L5(en+cn非空): 1367
[2026-04-21 11:45:17]   分析结果: mcn=98, men=117, changes=426
[2026-04-21 11:45:17]   ✅ 解析文档 - 数据库设计_品质L3（4.10）.docx → L4:82个, L5:1367条, 问题:215个
[2026-04-21 11:45:17] POST /api/asset_parse HTTP/1.1
[2026-04-21 11:45:21] GET /api/asset_history HTTP/1.1
[2026-04-21 11:45:23] GET /api/asset_history/8 HTTP/1.1
[2026-04-21 11:45:24] GET /api/asset_history HTTP/1.1
[2026-04-21 13:18:44] 服务启动
[2026-04-21 13:18:48] GET / HTTP/1.1
[2026-04-21 13:18:48] GET /logo.jpg HTTP/1.1
[2026-04-21 13:18:48]   ✅ 查询词根 - 共30条
[2026-04-21 13:18:48] GET /api/roots HTTP/1.1
[2026-04-21 13:18:49]   ✅ 查询词条 - 共40条, 第1页, 每页9999条
[2026-04-21 13:18:49] GET /api/words?size=9999 HTTP/1.1
[2026-04-21 13:18:51] GET /api/asset_history HTTP/1.1
[2026-04-21 13:19:00]   解析完成: L4=120, L5=2796
[2026-04-21 13:19:00]   L5样本: en='cust_apply_no', cn='客户申请编号'
[2026-04-21 13:19:00]   有效L5(en+cn非空): 2796
[2026-04-21 13:19:00]   分析结果: mcn=50, men=9, changes=101, format=145
[2026-04-21 13:19:00]   ✅ 解析文档 - 02.烟台华新数智化改造项目一期_数据库设计_营销分册_v20260420.docx → L4:120个, L5:2796条, 命名问题:59个, 格式问题:145个
[2026-04-21 13:19:00] POST /api/asset_parse HTTP/1.1
[2026-04-21 13:20:54] GET /api/asset_history HTTP/1.1
[2026-04-21 13:20:55] GET /api/asset_history/9 HTTP/1.1
[2026-04-21 13:22:16] GET / HTTP/1.1
[2026-04-21 13:22:16] GET /logo.jpg HTTP/1.1
[2026-04-21 13:22:16]   ✅ 查询词根 - 共30条
[2026-04-21 13:22:16] GET /api/roots HTTP/1.1
[2026-04-21 13:22:17]   ✅ 查询词条 - 共40条, 第1页, 每页9999条
[2026-04-21 13:22:17] GET /api/words?size=9999 HTTP/1.1
[2026-04-21 15:09:49] GET / HTTP/1.1
[2026-04-21 15:09:49] GET /logo.jpg HTTP/1.1
[2026-04-21 15:09:49]   ✅ 查询词根 - 共30条
[2026-04-21 15:09:49] GET /api/roots HTTP/1.1
[2026-04-21 15:09:49]   ✅ 查询词条 - 共40条, 第1页, 每页9999条
[2026-04-21 15:09:49] GET /api/words?size=9999 HTTP/1.1
[2026-04-21 15:41:13] 服务启动
[2026-04-21 15:41:17] GET / HTTP/1.1
[2026-04-21 15:41:18]   ✅ 查询词根 - 共30条
[2026-04-21 15:41:18] GET /api/roots HTTP/1.1
[2026-04-21 15:41:18]   ✅ 查询词条 - 共40条, 第1页, 每页9999条
[2026-04-21 15:41:18] GET /api/words?size=9999 HTTP/1.1
[2026-04-21 15:41:18] GET /logo.jpg HTTP/1.1
[2026-04-21 15:41:20] GET /api/asset_history HTTP/1.1
[2026-04-23 14:56:51] 服务启动
[2026-04-23 14:56:59] GET /api/roots HTTP/1.1
[2026-04-23 14:57:00] GET /api/words?size=9999 HTTP/1.1
[2026-04-23 14:57:00] OPTIONS /api/init_roots HTTP/1.1
[2026-04-23 14:57:00] OPTIONS /api/init_words HTTP/1.1
[2026-04-23 14:57:00] POST /api/init_roots HTTP/1.1
[2026-04-23 14:57:00] POST /api/init_words HTTP/1.1
[2026-04-23 14:59:11] GET / HTTP/1.1
[2026-04-23 14:59:11] GET /logo.jpg HTTP/1.1
[2026-04-23 14:59:12] GET /api/roots HTTP/1.1
[2026-04-23 14:59:12] GET /api/words?size=9999 HTTP/1.1
[2026-04-23 14:59:12] POST /api/init_roots HTTP/1.1
[2026-04-23 14:59:12] POST /api/init_words HTTP/1.1
[2026-04-23 14:59:12] GET /favicon.ico HTTP/1.1
[2026-04-23 14:59:16]   ✅ 用户登录 - admin
[2026-04-23 14:59:16] POST /api/login HTTP/1.1
[2026-04-23 14:59:16]   ✅ 查询词根 - 共30条
[2026-04-23 14:59:16] GET /api/roots HTTP/1.1
[2026-04-23 14:59:17]   ✅ 查询词条 - 共40条, 第1页, 每页9999条
[2026-04-23 14:59:17] GET /api/words?size=9999 HTTP/1.1
[2026-04-23 14:59:27] GET /api/asset_history HTTP/1.1
[2026-04-23 14:59:52]   ✅ 词根剥离 - 华新细部设计-合稿.xlsx → 剥离出 1633 个词根
[2026-04-23 14:59:52] POST /api/extract_roots HTTP/1.1
[2026-04-23 15:00:21] POST /api/import_roots HTTP/1.1
[2026-04-23 15:01:03] POST /api/import_roots HTTP/1.1
[2026-04-23 15:03:38] 服务启动
[2026-04-23 15:03:43] GET / HTTP/1.1
[2026-04-23 15:03:43] GET /logo.jpg HTTP/1.1
[2026-04-23 15:03:43] GET /api/roots HTTP/1.1
[2026-04-23 15:03:44] GET /api/words?size=9999 HTTP/1.1
[2026-04-23 15:03:44] POST /api/init_roots HTTP/1.1
[2026-04-23 15:03:44] POST /api/init_words HTTP/1.1
[2026-04-23 15:03:49]   ✅ 用户登录 - admin
[2026-04-23 15:03:49] POST /api/login HTTP/1.1
[2026-04-23 15:03:49]   ✅ 查询词根 - 共0条
[2026-04-23 15:03:49] GET /api/roots HTTP/1.1
[2026-04-23 15:03:49]   ✅ 查询词条 - 共0条, 第1页, 每页9999条
[2026-04-23 15:03:49] GET /api/words?size=9999 HTTP/1.1
[2026-04-23 15:03:50]   ✅ 批量初始化词根 - 共30条
[2026-04-23 15:03:50] POST /api/init_roots HTTP/1.1
[2026-04-23 15:03:50]   ✅ 批量初始化词条 - 共40条
[2026-04-23 15:03:50] POST /api/init_words HTTP/1.1
[2026-04-23 15:03:50]   ✅ 查询词根 - 共30条
[2026-04-23 15:03:50] GET /api/roots HTTP/1.1
[2026-04-23 15:03:50]   ✅ 查询词条 - 共40条, 第1页, 每页9999条
[2026-04-23 15:03:50] GET /api/words?size=9999 HTTP/1.1
[2026-04-23 15:03:53] GET / HTTP/1.1
[2026-04-23 15:03:54]   ✅ 查询词根 - 共30条
[2026-04-23 15:03:54] GET /api/roots HTTP/1.1
[2026-04-23 15:03:54]   ✅ 查询词条 - 共40条, 第1页, 每页9999条
[2026-04-23 15:03:54] GET /api/words?size=9999 HTTP/1.1
[2026-04-23 15:03:54] GET /api/session HTTP/1.1
[2026-04-23 15:03:54] GET /logo.jpg HTTP/1.1
[2026-04-23 15:04:00] GET /api/recycle_bin?type=words HTTP/1.1
[2026-04-23 15:04:00] GET /api/recycle_bin?type=roots HTTP/1.1
[2026-04-23 15:04:13]   ✅ 词根剥离 - 华新细部设计-合稿.xlsx → 剥离出 1633 个词根
[2026-04-23 15:04:13] POST /api/extract_roots HTTP/1.1
[2026-04-23 15:04:20] POST /api/import_roots HTTP/1.1
[2026-04-23 15:04:20]   ✅ 查询词根 - 共1641条
[2026-04-23 15:04:20] GET /api/roots HTTP/1.1
[2026-04-23 15:09:18] 服务启动
[2026-04-23 15:09:41] 服务启动
[2026-04-23 15:09:46] GET / HTTP/1.1
[2026-04-23 15:09:46] GET /logo.jpg HTTP/1.1
[2026-04-23 15:09:47] GET /api/roots HTTP/1.1
[2026-04-23 15:09:47] GET /api/words?size=9999 HTTP/1.1
[2026-04-23 15:09:47] POST /api/init_roots HTTP/1.1
[2026-04-23 15:09:47] POST /api/init_words HTTP/1.1
[2026-04-23 15:09:52]   ✅ 用户登录 - admin
[2026-04-23 15:09:52] POST /api/login HTTP/1.1
[2026-04-23 15:09:52]   ✅ 查询词根 - 共0条
[2026-04-23 15:09:52] GET /api/roots HTTP/1.1
[2026-04-23 15:09:52]   ✅ 查询词条 - 共0条, 第1页, 每页9999条
[2026-04-23 15:09:52] GET /api/words?size=9999 HTTP/1.1
[2026-04-23 15:09:52]   ✅ 批量初始化词根 - 共30条
[2026-04-23 15:09:52] POST /api/init_roots HTTP/1.1
[2026-04-23 15:09:52]   ✅ 批量初始化词条 - 共40条
[2026-04-23 15:09:52] POST /api/init_words HTTP/1.1
[2026-04-23 15:09:53]   ✅ 查询词根 - 共30条
[2026-04-23 15:09:53] GET /api/roots HTTP/1.1
[2026-04-23 15:09:53]   ✅ 查询词条 - 共40条, 第1页, 每页9999条
[2026-04-23 15:09:53] GET /api/words?size=9999 HTTP/1.1
[2026-04-23 15:10:07]   ✅ 词根剥离 - 华新细部设计-合稿.xlsx → 剥离出 256 个词根
[2026-04-23 15:10:07] POST /api/extract_roots HTTP/1.1
[2026-04-23 15:10:19] POST /api/import_roots HTTP/1.1
[2026-04-23 15:10:19]   ✅ 查询词根 - 共269条
[2026-04-23 15:10:19] GET /api/roots HTTP/1.1
[2026-04-23 15:11:13] GET /api/words/similar?cn=%E8%AF%8D%E6%A0%B9%E5%90%8D%EF%BC%9A%E5%8D%B7%20%E8%8B%B1%E6%96%87%EF%BC%9Acoil%20%E5%90%AB%E4%B9%89%EF%BC%9A%E5%8D%B7%20%E6%9D%A5%E6%BA%90%EF%BC%9A%E6%95%B0%E6%8D%AE%E8%B5%84%E4%BA%A7%20%E5%88%86%E7%B1%BB%EF%BC%9A%E9%92%A2%E9%93%81%20%E7%A4%BA%E4%BE%8B%EF%BC%9Avertical_coil_reel%E3%80%81flange_coil_num HTTP/1.1
[2026-04-23 15:11:17] GET /api/words/similar?cn=coil_id HTTP/1.1
[2026-04-23 15:11:21] GET /api/words/similar?en=coil_id&cn=d HTTP/1.1
[2026-04-23 15:11:22] GET /api/words/similar?en=coil_id HTTP/1.1
[2026-04-23 15:11:23] GET /api/words/similar?en=coil_id&cn=%E5%8D%B7 HTTP/1.1
[2026-04-23 15:11:26] GET /api/words/similar?en=coil_id&cn=%E5%8D%B7bian%27ma HTTP/1.1
[2026-04-23 15:11:27] GET /api/words/similar?en=coil_id&cn=%E5%8D%B7%E7%BC%96%E7%A0%81 HTTP/1.1
[2026-04-23 15:11:41]   ✅ 新增词条 - ID:41, 卷编码(coil_id), 分类:钢铁类, 状态:pending
[2026-04-23 15:11:41] POST /api/words HTTP/1.1
[2026-04-23 15:11:53]   ✅ 批量审核 - 成功:1, 失败:0
[2026-04-23 15:11:53] POST /api/words/batch_approve HTTP/1.1
[2026-04-23 15:12:26]   ✅ 更新词条 - ID:41, 卷编码(coil_id), 状态:offline
[2026-04-23 15:12:26] PUT /api/words/41 HTTP/1.1
[2026-04-23 15:12:32]   ✅ 删除词条 - ID:41, 卷编码(coil_id)
[2026-04-23 15:12:32] DELETE /api/words/41 HTTP/1.1
[2026-04-23 15:12:38] GET /api/recycle_bin?type=words HTTP/1.1
[2026-04-23 15:12:38] GET /api/recycle_bin?type=roots HTTP/1.1
[2026-04-23 15:12:40]   ✅ 永久删除 - words ID:41
[2026-04-23 15:12:40] DELETE /api/recycle_bin/words/41 HTTP/1.1
[2026-04-23 15:12:41] GET /api/recycle_bin?type=words HTTP/1.1
[2026-04-23 15:12:41] GET /api/recycle_bin?type=roots HTTP/1.1
[2026-04-23 15:12:41] GET /api/recycle_bin?type=words HTTP/1.1
[2026-04-23 15:12:42] GET /api/recycle_bin?type=roots HTTP/1.1
[2026-04-23 15:12:43] GET /api/recycle_bin?type=words HTTP/1.1
[2026-04-23 15:12:43] GET /api/recycle_bin?type=roots HTTP/1.1
[2026-04-23 15:12:44]   ✅ 清理过期回收站记录
[2026-04-23 15:12:44] POST /api/recycle_bin/cleanup HTTP/1.1
[2026-04-23 15:12:45] GET /api/recycle_bin?type=words HTTP/1.1
[2026-04-23 15:12:45] GET /api/recycle_bin?type=roots HTTP/1.1
[2026-04-23 15:20:45] GET / HTTP/1.1
[2026-04-23 15:20:45] GET /logo.jpg HTTP/1.1
[2026-04-23 15:20:45]   ✅ 查询词根 - 共269条
[2026-04-23 15:20:45] GET /api/roots HTTP/1.1
[2026-04-23 15:20:45]   ✅ 查询词条 - 共40条, 第1页, 每页9999条
[2026-04-23 15:20:45] GET /api/words?size=9999 HTTP/1.1
[2026-04-23 15:20:46] GET /api/session HTTP/1.1
[2026-04-23 15:20:47] GET /api/users HTTP/1.1
[2026-04-23 15:20:53] GET /api/users HTTP/1.1
[2026-04-23 15:21:53] POST /api/users HTTP/1.1
[2026-04-23 15:21:56] POST /api/users HTTP/1.1
[2026-04-23 15:25:59] 服务启动
[2026-04-23 15:26:03] GET / HTTP/1.1
[2026-04-23 15:26:03] GET /logo.jpg HTTP/1.1
[2026-04-23 15:26:03]   ✅ 查询词根 - 共269条
[2026-04-23 15:26:03] GET /api/roots HTTP/1.1
[2026-04-23 15:26:04]   ✅ 查询词条 - 共40条, 第1页, 每页9999条
[2026-04-23 15:26:04] GET /api/words?size=9999 HTTP/1.1
[2026-04-23 15:26:04] GET /api/session HTTP/1.1
[2026-04-23 15:26:05] GET /api/users HTTP/1.1
[2026-04-23 15:26:15]   ✅ 新增用户 - jh_huangmeng, 角色:user
[2026-04-23 15:26:15] POST /api/users HTTP/1.1
[2026-04-23 15:26:15] GET /api/users HTTP/1.1
[2026-04-23 15:26:20]   ✅ 用户登出
[2026-04-23 15:26:20] POST /api/logout HTTP/1.1
[2026-04-23 15:26:28]   ✅ 用户登录 - jh_huangmeng
[2026-04-23 15:26:28] POST /api/login HTTP/1.1
[2026-04-23 15:26:28]   ✅ 查询词根 - 共269条
[2026-04-23 15:26:28] GET /api/roots HTTP/1.1
[2026-04-23 15:26:28]   ✅ 查询词条 - 共40条, 第1页, 每页9999条
[2026-04-23 15:26:28] GET /api/words?size=9999 HTTP/1.1
[2026-04-23 15:26:55]   ✅ 用户登出
[2026-04-23 15:26:55] POST /api/logout HTTP/1.1
[2026-04-23 15:27:02]   ✅ 用户登录 - admin
[2026-04-23 15:27:02] POST /api/login HTTP/1.1
[2026-04-23 15:27:02]   ✅ 查询词根 - 共269条
[2026-04-23 15:27:02] GET /api/roots HTTP/1.1
[2026-04-23 15:27:02]   ✅ 查询词条 - 共40条, 第1页, 每页9999条
[2026-04-23 15:27:02] GET /api/words?size=9999 HTTP/1.1
[2026-04-23 15:30:50] GET /api/asset_history HTTP/1.1
[2026-04-23 15:31:45] GET /api/users HTTP/1.1
[2026-04-23 15:31:48]   ✅ 用户登出
[2026-04-23 15:31:48] POST /api/logout HTTP/1.1
[2026-04-23 15:32:01]   ✅ 用户登录 - jh_huangmeng
[2026-04-23 15:32:01] POST /api/login HTTP/1.1
[2026-04-23 15:32:01]   ✅ 查询词根 - 共269条
[2026-04-23 15:32:01] GET /api/roots HTTP/1.1
[2026-04-23 15:32:02]   ✅ 查询词条 - 共40条, 第1页, 每页9999条
[2026-04-23 15:32:02] GET /api/words?size=9999 HTTP/1.1
[2026-04-23 15:32:21] GET /api/words/similar?cn=aaa HTTP/1.1
[2026-04-23 15:32:22] GET /api/words/similar?cn=A HTTP/1.1
[2026-04-23 15:32:27] GET /api/words/similar?cn=%E8%AF%8D%E6%9D%A1%E5%AF%B9%E6%AF%94 HTTP/1.1
[2026-04-23 15:32:29] GET /api/words/similar?en=phone_number&cn=%E8%AF%8D%E6%9D%A1%E5%AF%B9%E6%AF%94 HTTP/1.1
[2026-04-23 15:32:38] GET /api/words/similar?cn=%E8%AF%8D%E6%9D%A1%E5%AF%B9%E6%AF%94 HTTP/1.1
[2026-04-23 15:32:43] GET /api/words/similar?en=in_warehouse&cn=%E8%AF%8D%E6%9D%A1%E5%AF%B9%E6%AF%94 HTTP/1.1
[2026-04-23 15:32:44] GET /api/words/similar?en=in_warehouse_&cn=%E8%AF%8D%E6%9D%A1%E5%AF%B9%E6%AF%94 HTTP/1.1
[2026-04-23 15:32:45] GET /api/words/similar?en=in_warehouse_place&cn=%E8%AF%8D%E6%9D%A1%E5%AF%B9%E6%AF%94 HTTP/1.1
[2026-04-23 15:32:55] GET /api/words/similar?en=in_warehouse_place&cn=%E5%9C%B0%E6%96%B9 HTTP/1.1
[2026-04-23 15:33:00] GET /api/words/similar?en=in_warehouse_place&cn=%E5%85%A5%E5%BA%93%E5%9C%B0%E5%9D%80 HTTP/1.1
[2026-04-23 15:33:04]   ✅ 新增词条 - ID:42, 入库地址(in_warehouse_place), 分类:通用类, 状态:pending
[2026-04-23 15:33:04] POST /api/words HTTP/1.1
[2026-04-23 15:33:12]   ✅ 批量审核 - 成功:1, 失败:0
[2026-04-23 15:33:12] POST /api/words/batch_approve HTTP/1.1
[2026-04-23 15:38:14] GET /api/report/overview HTTP/1.1
[2026-04-23 15:38:14] GET /api/report/trend?months=12 HTTP/1.1
[2026-04-23 15:38:14] GET /api/report/approval_rate HTTP/1.1
[2026-04-23 15:38:14] GET /api/report/hot_roots?limit=20 HTTP/1.1
[2026-04-23 15:38:14] GET /api/report/category_dist HTTP/1.1
[2026-04-23 15:38:31] GET /api/synonyms HTTP/1.1
[2026-04-23 15:48:18] 服务启动
[2026-04-23 15:48:25] GET / HTTP/1.1
[2026-04-23 15:48:25] GET /logo.jpg HTTP/1.1
[2026-04-23 15:48:25]   ✅ 查询词根 - 共269条
[2026-04-23 15:48:25] GET /api/roots HTTP/1.1
[2026-04-23 15:48:26]   ✅ 查询词条 - 共41条, 第1页, 每页9999条
[2026-04-23 15:48:26] GET /api/words?size=9999 HTTP/1.1
[2026-04-23 15:48:26] GET /api/session HTTP/1.1
[2026-04-23 15:48:33] GET /api/asset_history HTTP/1.1
[2026-04-23 15:48:34] GET /asset_check.html HTTP/1.1
[2026-04-23 15:48:34] GET /gov_check.html HTTP/1.1
[2026-04-23 15:48:53]   解析完成: L4=0, L5=299
[2026-04-23 15:48:53]   L5样本: en='id', cn='业务Id'
[2026-04-23 15:48:53]   有效L5(en+cn非空): 299
[2026-04-23 15:48:53]   分析结果: mcn=17, men=12, changes=30, format=328
[2026-04-23 15:48:53]   ✅ 解析文档 - 04-2.烟台华新数智化改造项目一期_需求设计说明书_数据库设计_计量管理分册.docx → L4:0个, L5:299条, 命名问题:29个, 格式问题:328个
[2026-04-23 15:48:53] POST /api/asset_parse HTTP/1.1
[2026-04-23 15:49:39] GET /api/report/overview HTTP/1.1
[2026-04-23 15:49:40] GET /api/report/trend?months=12 HTTP/1.1
[2026-04-23 15:49:40] GET /api/report/approval_rate HTTP/1.1
[2026-04-23 15:49:40] GET /api/report/hot_roots?limit=20 HTTP/1.1
[2026-04-23 15:49:40] GET /api/report/category_dist HTTP/1.1
[2026-04-23 15:53:12] 服务启动
[2026-04-23 15:53:17] GET / HTTP/1.1
[2026-04-23 15:53:17] GET /logo.jpg HTTP/1.1
[2026-04-23 15:53:17]   ✅ 查询词根 - 共269条
[2026-04-23 15:53:17] GET /api/roots HTTP/1.1
[2026-04-23 15:53:18]   ✅ 查询词条 - 共41条, 第1页, 每页9999条
[2026-04-23 15:53:18] GET /api/words?size=9999 HTTP/1.1
[2026-04-23 15:53:18] GET /api/session HTTP/1.1
[2026-04-23 15:53:34] GET /asset_check.html HTTP/1.1
[2026-04-23 15:53:35] GET /gov_check.html HTTP/1.1
[2026-04-23 15:54:03] GET /api/report/overview HTTP/1.1
[2026-04-23 15:54:03] GET /api/report/trend?months=12 HTTP/1.1
[2026-04-23 15:54:03] GET /api/report/approval_rate HTTP/1.1
[2026-04-23 15:54:03] GET /api/report/hot_roots?limit=20 HTTP/1.1
[2026-04-23 15:54:03] GET /api/report/category_dist HTTP/1.1
[2026-04-23 15:54:26] GET /asset_check.html HTTP/1.1
[2026-04-23 15:54:26] GET /gov_check.html HTTP/1.1
[2026-04-23 17:18:23] GET / HTTP/1.1
[2026-04-23 17:18:24] GET /logo.jpg HTTP/1.1
[2026-04-23 17:18:25] GET /api/roots HTTP/1.1
[2026-04-23 17:18:25] GET /api/words?size=9999 HTTP/1.1
[2026-04-23 17:18:26] POST /api/init_roots HTTP/1.1
[2026-04-23 17:18:26] POST /api/init_words HTTP/1.1
[2026-04-23 17:18:39] GET / HTTP/1.1
[2026-04-23 17:18:40] GET /logo.jpg HTTP/1.1
[2026-04-23 17:18:41] GET /api/roots HTTP/1.1
[2026-04-23 17:18:41] GET /api/words?size=9999 HTTP/1.1
[2026-04-23 17:18:41] POST /api/init_roots HTTP/1.1
[2026-04-23 17:18:42] GET / HTTP/1.1
[2026-04-23 17:18:43] POST /api/init_words HTTP/1.1
[2026-04-23 17:18:43] GET /favicon.ico HTTP/1.1
[2026-04-23 17:20:06] GET / HTTP/1.1
[2026-04-23 17:20:07] GET /logo.jpg HTTP/1.1
[2026-04-23 17:20:07] GET /api/roots HTTP/1.1
[2026-04-23 17:20:08] POST /api/init_roots HTTP/1.1
[2026-04-23 17:20:09] GET /api/words?size=9999 HTTP/1.1
[2026-04-23 17:20:09] POST /api/init_words HTTP/1.1
[2026-04-23 17:20:10] GET /favicon.ico HTTP/1.1
[2026-04-23 17:20:21]   ✅ 用户登录 - jh_huangmeng
[2026-04-23 17:20:21] POST /api/login HTTP/1.1
[2026-04-23 17:20:21]   ✅ 查询词根 - 共269条
[2026-04-23 17:20:21] GET /api/roots HTTP/1.1
[2026-04-23 17:20:22]   ✅ 查询词条 - 共41条, 第1页, 每页9999条
[2026-04-23 17:20:22] GET /api/words?size=9999 HTTP/1.1
[2026-04-23 17:20:42] GET /asset_check.html HTTP/1.1
[2026-04-23 17:20:42] GET /gov_check.html HTTP/1.1
[2026-04-23 17:20:49] GET /api/report/category_dist HTTP/1.1
[2026-04-23 17:20:50] GET /api/report/trend?months=12 HTTP/1.1
[2026-04-23 17:20:50] GET /api/report/overview HTTP/1.1
[2026-04-23 17:20:50] GET /api/report/hot_roots?limit=20 HTTP/1.1
[2026-04-23 17:20:51] GET /api/report/approval_rate HTTP/1.1
[2026-04-27 08:21:43] 服务启动
[2026-04-27 08:22:21] GET / HTTP/1.1
[2026-04-27 08:22:21] GET /logo.jpg HTTP/1.1
[2026-04-27 08:22:21] GET /api/roots HTTP/1.1
[2026-04-27 08:22:21] GET /api/words?size=9999 HTTP/1.1
[2026-04-27 08:22:21] POST /api/init_roots HTTP/1.1
[2026-04-27 08:22:22] POST /api/init_words HTTP/1.1
[2026-04-27 08:22:22] GET /favicon.ico HTTP/1.1
[2026-04-27 08:22:26]   ✅ 用户登录 - admin
[2026-04-27 08:22:26] POST /api/login HTTP/1.1
[2026-04-27 08:22:26]   ✅ 查询词根 - 共269条
[2026-04-27 08:22:26] GET /api/roots HTTP/1.1
[2026-04-27 08:22:27]   ✅ 查询词条 - 共41条, 第1页, 每页9999条
[2026-04-27 08:22:27] GET /api/words?size=9999 HTTP/1.1
[2026-04-27 08:37:21] GET /api/users HTTP/1.1
[2026-04-27 08:37:38] GET /asset_check.html HTTP/1.1
[2026-04-27 08:37:39] GET /gov_check.html HTTP/1.1
[2026-04-27 08:41:14] GET /api/users HTTP/1.1
[2026-04-27 08:43:12] GET / HTTP/1.1
[2026-04-27 08:43:12] GET /logo.jpg HTTP/1.1
[2026-04-27 08:43:12]   ✅ 查询词根 - 共269条
[2026-04-27 08:43:12] GET /api/roots HTTP/1.1
[2026-04-27 08:43:12]   ✅ 查询词条 - 共41条, 第1页, 每页9999条
[2026-04-27 08:43:12] GET /api/words?size=9999 HTTP/1.1
[2026-04-27 08:43:13] GET /api/session HTTP/1.1
[2026-04-27 08:43:19] GET / HTTP/1.1
[2026-04-27 08:43:20]   ✅ 查询词根 - 共269条
[2026-04-27 08:43:20] GET /api/roots HTTP/1.1
[2026-04-27 08:43:20]   ✅ 查询词条 - 共41条, 第1页, 每页9999条
[2026-04-27 08:43:20] GET /api/words?size=9999 HTTP/1.1
[2026-04-27 08:43:20] GET /api/session HTTP/1.1
[2026-04-27 08:43:20] GET /logo.jpg HTTP/1.1
[2026-04-27 08:45:36] GET / HTTP/1.1
[2026-04-27 08:45:36] GET /logo.jpg HTTP/1.1
[2026-04-27 08:45:37]   ✅ 查询词根 - 共269条
[2026-04-27 08:45:37] GET /api/roots HTTP/1.1
[2026-04-27 08:45:37]   ✅ 查询词条 - 共41条, 第1页, 每页9999条
[2026-04-27 08:45:37] GET /api/words?size=9999 HTTP/1.1
[2026-04-27 08:45:37] GET /api/session HTTP/1.1
[2026-04-27 08:45:47] GET /api/report/overview HTTP/1.1
[2026-04-27 08:45:47] GET /api/report/trend?months=12 HTTP/1.1
[2026-04-27 08:45:47] GET /api/report/approval_rate HTTP/1.1
[2026-04-27 08:45:47] GET /api/report/hot_roots?limit=20 HTTP/1.1
[2026-04-27 08:45:47] GET /api/report/category_dist HTTP/1.1
[2026-04-27 08:45:51] GET /api/recycle_bin?type=words HTTP/1.1
[2026-04-27 08:45:51] GET /api/recycle_bin?type=roots HTTP/1.1
[2026-04-27 08:56:07] GET /api/recycle_bin?type=words HTTP/1.1
[2026-04-27 08:56:07] GET /api/recycle_bin?type=roots HTTP/1.1
[2026-04-27 08:56:11] GET /api/report/overview HTTP/1.1
[2026-04-27 08:56:11] GET /api/report/trend?months=12 HTTP/1.1
[2026-04-27 08:56:11] GET /api/report/approval_rate HTTP/1.1
[2026-04-27 08:56:11] GET /api/report/hot_roots?limit=20 HTTP/1.1
[2026-04-27 08:56:11] GET /api/report/category_dist HTTP/1.1
[2026-04-27 10:13:46] GET /favicon.ico HTTP/1.1
[2026-04-27 11:26:05] GET / HTTP/1.1
[2026-04-27 11:26:05]   ✅ 查询词根 - 共269条
[2026-04-27 11:26:05] GET /api/roots HTTP/1.1
[2026-04-27 11:26:06]   ✅ 查询词条 - 共41条, 第1页, 每页9999条
[2026-04-27 11:26:06] GET /api/words?size=9999 HTTP/1.1
[2026-04-27 11:26:06] GET /api/session HTTP/1.1
[2026-04-27 11:26:06] GET /logo.jpg HTTP/1.1
[2026-04-27 13:10:55] GET / HTTP/1.1
[2026-04-27 13:10:55] GET /logo.jpg HTTP/1.1
[2026-04-27 13:10:55]   ✅ 查询词根 - 共269条
[2026-04-27 13:10:55] GET /api/roots HTTP/1.1
[2026-04-27 13:10:55]   ✅ 查询词条 - 共41条, 第1页, 每页9999条
[2026-04-27 13:10:55] GET /api/words?size=9999 HTTP/1.1
[2026-04-27 13:10:55] GET /api/session HTTP/1.1
[2026-04-27 13:22:22] GET / HTTP/1.1
[2026-04-27 13:22:22] GET /logo.jpg HTTP/1.1
[2026-04-27 13:22:22]   ✅ 查询词根 - 共269条
[2026-04-27 13:22:22] GET /api/roots HTTP/1.1
[2026-04-27 13:22:22]   ✅ 查询词条 - 共41条, 第1页, 每页9999条
[2026-04-27 13:22:22] GET /api/words?size=9999 HTTP/1.1
[2026-04-27 13:22:23] GET /api/session HTTP/1.1
[2026-04-27 13:22:42] POST /api/extract_roots HTTP/1.1
[2026-04-27 13:23:03] GET / HTTP/1.1
[2026-04-27 13:23:03] GET /logo.jpg HTTP/1.1
[2026-04-27 13:23:03]   ✅ 查询词根 - 共269条
[2026-04-27 13:23:03] GET /api/roots HTTP/1.1
[2026-04-27 13:23:03]   ✅ 查询词条 - 共41条, 第1页, 每页9999条
[2026-04-27 13:23:03] GET /api/words?size=9999 HTTP/1.1
[2026-04-27 13:23:04] GET /api/session HTTP/1.1
[2026-04-27 13:23:17] POST /api/extract_roots HTTP/1.1
[2026-04-27 13:24:28] 服务启动
[2026-04-27 13:24:34] GET / HTTP/1.1
[2026-04-27 13:24:34] GET /logo.jpg HTTP/1.1
[2026-04-27 13:24:34]   ✅ 查询词根 - 共269条
[2026-04-27 13:24:34] GET /api/roots HTTP/1.1
[2026-04-27 13:24:34]   ✅ 查询词条 - 共41条, 第1页, 每页9999条
[2026-04-27 13:24:34] GET /api/words?size=9999 HTTP/1.1
[2026-04-27 13:24:35] GET /api/session HTTP/1.1
[2026-04-27 13:24:44]   ✅ 词根剥离 - 02.烟台华新数智化改造项目一期_数据库设计_营销分册_v20260424_潘灵连已修正_表结构调整_v2 (4).docx → 剥离出 427 个词根
[2026-04-27 13:24:44] POST /api/extract_roots HTTP/1.1
[2026-04-27 13:27:04] GET / HTTP/1.1
[2026-04-27 13:27:04] GET /logo.jpg HTTP/1.1
[2026-04-27 13:27:04]   ✅ 查询词根 - 共269条
[2026-04-27 13:27:04] GET /api/roots HTTP/1.1
[2026-04-27 13:27:05]   ✅ 查询词条 - 共41条, 第1页, 每页9999条
[2026-04-27 13:27:05] GET /api/words?size=9999 HTTP/1.1
[2026-04-27 13:27:05] GET /api/session HTTP/1.1
[2026-04-27 13:27:16]   ✅ 词根剥离 - 02.烟台华新数智化改造项目一期_数据库设计_营销分册_v20260424_潘灵连已修正_表结构调整_v2 (4).docx → 剥离出 427 个词根
[2026-04-27 13:27:16] POST /api/extract_roots HTTP/1.1
[2026-04-27 13:35:23] GET / HTTP/1.1
[2026-04-27 13:35:23] GET /logo.jpg HTTP/1.1
[2026-04-27 13:35:23]   ✅ 查询词根 - 共269条
[2026-04-27 13:35:23] GET /api/roots HTTP/1.1
[2026-04-27 13:35:23]   ✅ 查询词条 - 共41条, 第1页, 每页9999条
[2026-04-27 13:35:23] GET /api/words?size=9999 HTTP/1.1
[2026-04-27 13:35:24] GET /api/session HTTP/1.1
[2026-04-27 13:35:36]   ✅ 词根剥离 - 02.烟台华新数智化改造项目一期_数据库设计_营销分册_v20260424_潘灵连已修正_表结构调整_v2 (4).docx → 剥离出 427 个词根
[2026-04-27 13:35:36] POST /api/extract_roots HTTP/1.1
[2026-04-27 13:40:18] 服务启动
[2026-04-27 13:40:24] GET / HTTP/1.1
[2026-04-27 13:40:24] GET /logo.jpg HTTP/1.1
[2026-04-27 13:40:24]   ✅ 查询词根 - 共269条
[2026-04-27 13:40:24] GET /api/roots HTTP/1.1
[2026-04-27 13:40:25]   ✅ 查询词条 - 共41条, 第1页, 每页9999条
[2026-04-27 13:40:25] GET /api/words?size=9999 HTTP/1.1
[2026-04-27 13:40:25] GET /api/session HTTP/1.1
[2026-04-27 13:44:36] 服务启动
[2026-04-27 13:44:44] GET / HTTP/1.1
[2026-04-27 13:44:44] GET /logo.jpg HTTP/1.1
[2026-04-27 13:44:44]   ✅ 查询词根 - 共269条
[2026-04-27 13:44:44] GET /api/roots HTTP/1.1
[2026-04-27 13:44:44]   ✅ 查询词条 - 共41条, 第1页, 每页9999条
[2026-04-27 13:44:44] GET /api/words?size=9999 HTTP/1.1
[2026-04-27 13:44:45] GET /api/session HTTP/1.1
[2026-04-27 13:44:47] GET /api/extract_history HTTP/1.1
[2026-04-27 13:44:54]   ✅ 词根剥离 - 02.烟台华新数智化改造项目一期_数据库设计_营销分册_v20260424_潘灵连已修正_表结构调整_v2 (4).docx → 剥离出 165 个词根
[2026-04-27 13:44:54] POST /api/extract_roots HTTP/1.1
[2026-04-27 13:45:00] POST /api/extract_roots/export HTTP/1.1
[2026-04-27 13:54:43] GET / HTTP/1.1
[2026-04-27 13:54:43] GET /logo.jpg HTTP/1.1
[2026-04-27 13:54:44]   ✅ 查询词根 - 共269条
[2026-04-27 13:54:44] GET /api/roots HTTP/1.1
[2026-04-27 13:54:44]   ✅ 查询词条 - 共41条, 第1页, 每页9999条
[2026-04-27 13:54:44] GET /api/words?size=9999 HTTP/1.1
[2026-04-27 13:54:44] GET /api/session HTTP/1.1
[2026-04-27 13:54:45] GET /api/extract_history HTTP/1.1
[2026-04-27 13:54:49] GET /api/extract_history/1 HTTP/1.1
[2026-04-27 13:54:54] GET /api/recycle_bin?type=words HTTP/1.1
[2026-04-27 13:54:54] GET /api/recycle_bin?type=roots HTTP/1.1
[2026-04-27 13:54:55] GET /api/extract_history HTTP/1.1
[2026-04-27 14:56:10] 服务启动
[2026-04-27 14:56:14] GET / HTTP/1.1
[2026-04-27 14:56:14] GET /logo.jpg HTTP/1.1
[2026-04-27 14:56:14]   ✅ 查询词根 - 共269条
[2026-04-27 14:56:14] GET /api/roots HTTP/1.1
[2026-04-27 14:56:15]   ✅ 查询词条 - 共41条, 第1页, 每页9999条
[2026-04-27 14:56:15] GET /api/words?size=9999 HTTP/1.1
[2026-04-27 14:56:15] GET /api/session HTTP/1.1
[2026-04-27 14:56:17] GET /api/extract_history HTTP/1.1
[2026-04-27 14:56:27]   ✅ 词根剥离 - 02.烟台华新数智化改造项目一期_数据库设计_营销分册_v20260424_潘灵连已修正_表结构调整_v2 (4).docx → 剥离出 157 个词根
[2026-04-27 14:56:27] POST /api/extract_roots HTTP/1.1
[2026-04-27 14:56:30] POST /api/extract_roots/export HTTP/1.1
[2026-04-27 15:05:37] 服务启动
[2026-04-27 15:05:45] GET / HTTP/1.1
[2026-04-27 15:05:45] GET /logo.jpg HTTP/1.1
[2026-04-27 15:05:45]   ✅ 查询词根 - 共269条
[2026-04-27 15:05:45] GET /api/roots HTTP/1.1
[2026-04-27 15:05:45]   ✅ 查询词条 - 共41条, 第1页, 每页9999条
[2026-04-27 15:05:45] GET /api/words?size=9999 HTTP/1.1
[2026-04-27 15:05:46] GET /api/session HTTP/1.1
[2026-04-27 15:05:48] GET /api/extract_history HTTP/1.1
[2026-04-27 15:05:57]   ✅ 词根剥离 - 02.烟台华新数智化改造项目一期_数据库设计_营销分册_v20260424_潘灵连已修正_表结构调整_v2 (4).docx → 剥离出 107 个词根
[2026-04-27 15:05:57] POST /api/extract_roots HTTP/1.1
[2026-04-27 15:06:16] POST /api/extract_roots/export HTTP/1.1
[2026-04-27 15:13:48] 服务启动
[2026-04-27 15:13:52] GET / HTTP/1.1
[2026-04-27 15:13:52] GET /logo.jpg HTTP/1.1
[2026-04-27 15:13:53]   ✅ 查询词根 - 共269条
[2026-04-27 15:13:53] GET /api/roots HTTP/1.1
[2026-04-27 15:13:53]   ✅ 查询词条 - 共41条, 第1页, 每页9999条
[2026-04-27 15:13:53] GET /api/words?size=9999 HTTP/1.1
[2026-04-27 15:13:53] GET /api/session HTTP/1.1
[2026-04-27 15:13:54] GET /api/extract_history HTTP/1.1
[2026-04-27 15:14:00]   ✅ 词根剥离 - 02.烟台华新数智化改造项目一期_数据库设计_营销分册_v20260424_潘灵连已修正_表结构调整_v2 (4).docx → 剥离出 104 个词根
[2026-04-27 15:14:00] POST /api/extract_roots HTTP/1.1
[2026-04-27 15:14:05] POST /api/extract_roots/export HTTP/1.1
[2026-04-27 15:58:08] GET /api/users HTTP/1.1
[2026-04-27 15:58:18]   ✅ 新增用户 - jh_fengcheng, 角色:user
[2026-04-27 15:58:18] POST /api/users HTTP/1.1
[2026-04-27 15:58:18] GET /api/users HTTP/1.1
[2026-04-27 15:58:22]   ✅ 用户登出
[2026-04-27 15:58:22] POST /api/logout HTTP/1.1
[2026-04-27 15:58:29]   ✅ 用户登录 - jh_fengcheng
[2026-04-27 15:58:29] POST /api/login HTTP/1.1
[2026-04-27 15:58:29]   ✅ 查询词根 - 共269条
[2026-04-27 15:58:29] GET /api/roots HTTP/1.1
[2026-04-27 15:58:29]   ✅ 查询词条 - 共41条, 第1页, 每页9999条
[2026-04-27 15:58:29] GET /api/words?size=9999 HTTP/1.1
[2026-04-27 15:58:52] GET /api/extract_history HTTP/1.1
[2026-04-27 16:21:27] GET /api/extract_history HTTP/1.1
[2026-04-27 16:24:09] GET / HTTP/1.1
[2026-04-27 16:24:09] GET /logo.jpg HTTP/1.1
[2026-04-27 16:24:09]   ✅ 查询词根 - 共269条
[2026-04-27 16:24:09] GET /api/roots HTTP/1.1
[2026-04-27 16:24:09]   ✅ 查询词条 - 共41条, 第1页, 每页9999条
[2026-04-27 16:24:09] GET /api/words?size=9999 HTTP/1.1
[2026-04-27 16:24:10] GET /api/session HTTP/1.1
[2026-04-27 16:24:11] GET /api/extract_history HTTP/1.1
[2026-04-27 16:24:14] GET /api/extract_history/4 HTTP/1.1
[2026-04-27 16:24:18] GET /api/extract_history HTTP/1.1
[2026-04-27 16:24:46]   ✅ 用户登出
[2026-04-27 16:24:46] POST /api/logout HTTP/1.1
[2026-04-27 16:24:53]   ✅ 用户登录 - admin
[2026-04-27 16:24:53] POST /api/login HTTP/1.1
[2026-04-27 16:24:53]   ✅ 查询词根 - 共269条
[2026-04-27 16:24:53] GET /api/roots HTTP/1.1
[2026-04-27 16:24:54]   ✅ 查询词条 - 共41条, 第1页, 每页9999条
[2026-04-27 16:24:54] GET /api/words?size=9999 HTTP/1.1
[2026-04-27 16:24:58] GET /api/extract_history HTTP/1.1
[2026-04-27 16:25:00] GET /api/extract_history/4 HTTP/1.1
[2026-04-27 16:25:02] GET /api/extract_history HTTP/1.1
[2026-04-27 16:46:21] GET /api/extract_history/1 HTTP/1.1
[2026-04-27 16:46:24] POST /api/extract_roots/export HTTP/1.1
[2026-04-27 17:24:26] GET /asset_check.html HTTP/1.1
[2026-04-27 17:24:26] GET /gov_check.html HTTP/1.1
[2026-04-28 08:13:39] GET / HTTP/1.1
[2026-04-28 08:13:39] GET /logo.jpg HTTP/1.1
[2026-04-28 08:13:39]   ✅ 查询词根 - 共269条
[2026-04-28 08:13:39] GET /api/roots HTTP/1.1
[2026-04-28 08:13:39]   ✅ 查询词条 - 共41条, 第1页, 每页9999条
[2026-04-28 08:13:39] GET /api/words?size=9999 HTTP/1.1
[2026-04-28 08:13:40] GET /api/session HTTP/1.1
[2026-04-28 08:13:41] GET /api/extract_history HTTP/1.1
[2026-04-28 08:13:51]   ✅ 词根剥离 - 02.烟台华新数智化改造项目一期_数据库设计_营销分册_v20260424_潘灵连已修正_表结构调整_v2 (4).docx → 剥离出 104 个词根
[2026-04-28 08:13:51] POST /api/extract_roots HTTP/1.1
[2026-04-28 08:14:00] POST /api/extract_roots/export HTTP/1.1
[2026-04-28 08:14:54] 服务启动
[2026-04-28 08:15:04] GET / HTTP/1.1
[2026-04-28 08:15:04] GET /logo.jpg HTTP/1.1
[2026-04-28 08:15:05]   ✅ 查询词根 - 共269条
[2026-04-28 08:15:05] GET /api/roots HTTP/1.1
[2026-04-28 08:15:05]   ✅ 查询词条 - 共41条, 第1页, 每页9999条
[2026-04-28 08:15:05] GET /api/words?size=9999 HTTP/1.1
[2026-04-28 08:15:05] GET /api/session HTTP/1.1
[2026-04-28 08:15:07] GET /api/extract_history HTTP/1.1
[2026-04-28 08:15:14]   ✅ 词根剥离 - 02.烟台华新数智化改造项目一期_数据库设计_营销分册_v20260424_潘灵连已修正_表结构调整_v2 (4).docx → 剥离出 110 个词根
[2026-04-28 08:15:14] POST /api/extract_roots HTTP/1.1
[2026-04-28 08:15:17] POST /api/extract_roots/export HTTP/1.1
[2026-04-28 08:30:39] 服务启动
[2026-04-28 08:30:42] GET / HTTP/1.1
[2026-04-28 08:30:42] GET /logo.jpg HTTP/1.1
[2026-04-28 08:30:42]   ✅ 查询词根 - 共269条
[2026-04-28 08:30:42] GET /api/roots HTTP/1.1
[2026-04-28 08:30:43]   ✅ 查询词条 - 共41条, 第1页, 每页9999条
[2026-04-28 08:30:43] GET /api/words?size=9999 HTTP/1.1
[2026-04-28 08:30:43] GET /api/session HTTP/1.1
[2026-04-28 08:30:45] GET /api/extract_history HTTP/1.1
[2026-04-28 08:30:48] GET /api/extract_history/6 HTTP/1.1
[2026-04-28 08:35:09] 服务启动
[2026-04-28 08:35:14] GET / HTTP/1.1
[2026-04-28 08:35:15] GET /logo.jpg HTTP/1.1
[2026-04-28 08:35:15]   ✅ 查询词根 - 共269条
[2026-04-28 08:35:15] GET /api/roots HTTP/1.1
[2026-04-28 08:35:15]   ✅ 查询词条 - 共41条, 第1页, 每页9999条
[2026-04-28 08:35:15] GET /api/words?size=9999 HTTP/1.1
[2026-04-28 08:35:15] GET /api/session HTTP/1.1
[2026-04-28 08:35:17] GET /api/extract_history HTTP/1.1
[2026-04-28 08:35:19] GET /api/extract_history/6 HTTP/1.1
[2026-04-28 08:43:29] GET /api/extract_history HTTP/1.1
[2026-04-28 08:43:31] GET /api/extract_history/6 HTTP/1.1
[2026-04-28 08:57:24] GET /api/extract_history HTTP/1.1
[2026-04-28 09:05:57] GET /api/extract_history HTTP/1.1
[2026-04-28 09:06:00] GET /api/extract_history HTTP/1.1
[2026-04-28 09:24:13] GET /api/extract_history HTTP/1.1
[2026-04-28 09:24:15] GET /api/extract_history/6 HTTP/1.1
[2026-04-28 09:41:37] GET /api/report/overview HTTP/1.1
[2026-04-28 09:41:37] GET /api/report/trend?months=12 HTTP/1.1
[2026-04-28 09:41:37] GET /api/report/approval_rate HTTP/1.1
[2026-04-28 09:41:37] GET /api/report/hot_roots?limit=20 HTTP/1.1
[2026-04-28 09:41:37] GET /api/report/category_dist HTTP/1.1
[2026-04-28 09:42:24] GET /asset_check.html HTTP/1.1
[2026-04-28 09:42:24] GET /gov_check.html HTTP/1.1
[2026-04-28 09:45:49] 服务启动
[2026-04-28 09:45:59] GET / HTTP/1.1
[2026-04-28 09:45:59] GET /logo.jpg HTTP/1.1
[2026-04-28 09:45:59]   ✅ 查询词根 - 共269条
[2026-04-28 09:45:59] GET /api/roots HTTP/1.1
[2026-04-28 09:45:59]   ✅ 查询词条 - 共41条, 第1页, 每页9999条
[2026-04-28 09:45:59] GET /api/words?size=9999 HTTP/1.1
[2026-04-28 09:46:00] GET /api/session HTTP/1.1
[2026-04-28 09:46:02]   ✅ 用户登出
[2026-04-28 09:46:02] POST /api/logout HTTP/1.1
[2026-04-28 09:46:08]   ✅ 用户登录 - jh_fengcheng
[2026-04-28 09:46:08] POST /api/login HTTP/1.1
[2026-04-28 09:46:08]   ✅ 查询词根 - 共269条
[2026-04-28 09:46:08] GET /api/roots HTTP/1.1
[2026-04-28 09:46:08]   ✅ 查询词条 - 共41条, 第1页, 每页9999条
[2026-04-28 09:46:08] GET /api/words?size=9999 HTTP/1.1
[2026-04-28 09:46:12] GET /asset_check.html HTTP/1.1
[2026-04-28 09:46:12] GET /gov_check.html HTTP/1.1
[2026-04-28 09:53:44] GET /asset_check.html HTTP/1.1
[2026-04-28 09:53:44] GET /gov_check.html HTTP/1.1
[2026-04-28 09:53:46] GET /%E6%95%B0%E6%8D%AE%E6%B2%BB%E7%90%86%E4%BA%A4%E4%BB%98%E4%BB%B6%E6%A3%80%E6%9F%A5.html HTTP/1.1
[2026-04-28 09:53:51] GET / HTTP/1.1
[2026-04-28 09:53:51] GET /logo.jpg HTTP/1.1
[2026-04-28 09:53:51]   ✅ 查询词根 - 共269条
[2026-04-28 09:53:51] GET /api/roots HTTP/1.1
[2026-04-28 09:53:51]   ✅ 查询词条 - 共41条, 第1页, 每页9999条
[2026-04-28 09:53:51] GET /api/words?size=9999 HTTP/1.1
[2026-04-28 09:53:52] GET /api/session HTTP/1.1
[2026-04-28 09:53:53] GET /api/extract_history HTTP/1.1
[2026-04-28 09:53:57] GET /api/extract_history/6 HTTP/1.1
[2026-04-28 09:54:38] GET /api/report/overview HTTP/1.1
[2026-04-28 09:54:39] GET /api/report/trend?months=12 HTTP/1.1
[2026-04-28 09:54:39] GET /api/report/approval_rate HTTP/1.1
[2026-04-28 09:54:39] GET /api/report/hot_roots?limit=20 HTTP/1.1
[2026-04-28 09:54:39] GET /api/report/category_dist HTTP/1.1
[2026-04-28 09:54:40] GET /asset_check.html HTTP/1.1
[2026-04-28 09:54:40] GET /gov_check.html HTTP/1.1
[2026-04-28 09:54:50]   ✅ 用户登出
[2026-04-28 09:54:50] POST /api/logout HTTP/1.1
[2026-04-28 09:54:55]   ✅ 用户登录 - admin
[2026-04-28 09:54:55] POST /api/login HTTP/1.1
[2026-04-28 09:54:55]   ✅ 查询词根 - 共269条
[2026-04-28 09:54:55] GET /api/roots HTTP/1.1
[2026-04-28 09:54:55]   ✅ 查询词条 - 共41条, 第1页, 每页9999条
[2026-04-28 09:54:55] GET /api/words?size=9999 HTTP/1.1
[2026-04-28 09:54:58] GET /api/users HTTP/1.1
[2026-04-28 09:55:47] GET /asset_check.html HTTP/1.1
[2026-04-28 09:55:47] GET /gov_check.html HTTP/1.1
[2026-04-28 10:04:53] 服务启动
[2026-04-28 10:04:59] GET / HTTP/1.1
[2026-04-28 10:04:59] GET /logo.jpg HTTP/1.1
[2026-04-28 10:04:59]   ✅ 查询词根 - 共269条
[2026-04-28 10:04:59] GET /api/roots HTTP/1.1
[2026-04-28 10:04:59]   ✅ 查询词条 - 共41条, 第1页, 每页9999条
[2026-04-28 10:04:59] GET /api/words?size=9999 HTTP/1.1
[2026-04-28 10:04:59] GET /api/session HTTP/1.1
[2026-04-28 10:05:01] GET /api/extract_history HTTP/1.1
[2026-04-28 10:05:03] GET /asset_check.html HTTP/1.1
[2026-04-28 10:05:03] GET /gov_check.html HTTP/1.1
[2026-04-28 10:09:23] 服务启动
[2026-04-28 10:09:27] GET / HTTP/1.1
[2026-04-28 10:09:27] GET /logo.jpg HTTP/1.1
[2026-04-28 10:09:27]   ✅ 查询词根 - 共269条
[2026-04-28 10:09:27] GET /api/roots HTTP/1.1
[2026-04-28 10:09:28]   ✅ 查询词条 - 共41条, 第1页, 每页9999条
[2026-04-28 10:09:28] GET /api/words?size=9999 HTTP/1.1
[2026-04-28 10:09:28] GET /api/session HTTP/1.1
[2026-04-28 10:09:46] GET / HTTP/1.1
[2026-04-28 10:09:46]   ✅ 查询词根 - 共269条
[2026-04-28 10:09:46] GET /api/roots HTTP/1.1
[2026-04-28 10:09:46]   ✅ 查询词条 - 共41条, 第1页, 每页9999条
[2026-04-28 10:09:46] GET /api/words?size=9999 HTTP/1.1
[2026-04-28 10:09:47] GET /api/session HTTP/1.1
[2026-04-28 10:09:47] GET /logo.jpg HTTP/1.1
[2026-04-28 10:13:58] 服务启动
[2026-04-28 10:14:01] GET / HTTP/1.1
[2026-04-28 10:14:01] GET /logo.jpg HTTP/1.1
[2026-04-28 10:14:01]   ✅ 查询词根 - 共269条
[2026-04-28 10:14:01] GET /api/roots HTTP/1.1
[2026-04-28 10:14:02]   ✅ 查询词条 - 共41条, 第1页, 每页9999条
[2026-04-28 10:14:02] GET /api/words?size=9999 HTTP/1.1
[2026-04-28 10:14:02] GET /api/session HTTP/1.1
[2026-04-28 10:14:11]   ✅ 用户登出
[2026-04-28 10:14:11] POST /api/logout HTTP/1.1
[2026-04-28 10:14:14]   ✅ 用户登录 - admin
[2026-04-28 10:14:14] POST /api/login HTTP/1.1
[2026-04-28 10:14:14]   ✅ 查询词根 - 共269条
[2026-04-28 10:14:14] GET /api/roots HTTP/1.1
[2026-04-28 10:14:14]   ✅ 查询词条 - 共41条, 第1页, 每页9999条
[2026-04-28 10:14:14] GET /api/words?size=9999 HTTP/1.1
[2026-04-28 10:14:16] GET / HTTP/1.1
[2026-04-28 10:14:16]   ✅ 查询词根 - 共269条
[2026-04-28 10:14:16] GET /api/roots HTTP/1.1
[2026-04-28 10:14:16]   ✅ 查询词条 - 共41条, 第1页, 每页9999条
[2026-04-28 10:14:16] GET /api/words?size=9999 HTTP/1.1
[2026-04-28 10:14:16] GET /api/session HTTP/1.1
[2026-04-28 10:14:17] GET /logo.jpg HTTP/1.1
[2026-04-28 10:14:19] GET / HTTP/1.1
[2026-04-28 10:14:19] GET /logo.jpg HTTP/1.1
[2026-04-28 10:14:19]   ✅ 查询词根 - 共269条
[2026-04-28 10:14:19] GET /api/roots HTTP/1.1
[2026-04-28 10:14:19]   ✅ 查询词条 - 共41条, 第1页, 每页9999条
[2026-04-28 10:14:19] GET /api/words?size=9999 HTTP/1.1
[2026-04-28 10:14:20] GET /api/session HTTP/1.1
[2026-04-28 10:15:20] 服务启动
[2026-04-28 10:15:24] GET / HTTP/1.1
[2026-04-28 10:15:25]   ✅ 查询词根 - 共269条
[2026-04-28 10:15:25] GET /api/roots HTTP/1.1
[2026-04-28 10:15:25]   ✅ 查询词条 - 共41条, 第1页, 每页9999条
[2026-04-28 10:15:25] GET /api/words?size=9999 HTTP/1.1
[2026-04-28 10:15:25] GET /api/session HTTP/1.1
[2026-04-28 10:15:25] GET /logo.jpg HTTP/1.1
[2026-04-28 10:16:47] 服务启动
[2026-04-28 10:16:55] GET / HTTP/1.1
[2026-04-28 10:16:55] GET /logo.jpg HTTP/1.1
[2026-04-28 10:16:55]   ✅ 查询词根 - 共269条
[2026-04-28 10:16:55] GET /api/roots HTTP/1.1
[2026-04-28 10:16:55]   ✅ 查询词条 - 共41条, 第1页, 每页9999条
[2026-04-28 10:16:55] GET /api/words?size=9999 HTTP/1.1
[2026-04-28 10:16:56] GET /api/session HTTP/1.1
[2026-04-28 10:16:56] GET /favicon.ico HTTP/1.1
[2026-04-28 10:16:58] GET / HTTP/1.1
[2026-04-28 10:16:58]   ✅ 查询词根 - 共269条
[2026-04-28 10:16:58] GET /api/roots HTTP/1.1
[2026-04-28 10:16:58]   ✅ 查询词条 - 共41条, 第1页, 每页9999条
[2026-04-28 10:16:58] GET /api/words?size=9999 HTTP/1.1
[2026-04-28 10:16:58] GET /api/session HTTP/1.1
[2026-04-28 10:16:58] GET /logo.jpg HTTP/1.1
[2026-04-28 10:16:59] GET /favicon.ico HTTP/1.1
[2026-04-28 10:18:09] 服务启动
[2026-04-28 10:18:14] GET / HTTP/1.1
[2026-04-28 10:18:14] GET /logo.jpg HTTP/1.1
[2026-04-28 10:18:14]   ✅ 查询词根 - 共269条
[2026-04-28 10:18:14] GET /api/roots HTTP/1.1
[2026-04-28 10:18:14]   ✅ 查询词条 - 共41条, 第1页, 每页9999条
[2026-04-28 10:18:14] GET /api/words?size=9999 HTTP/1.1
[2026-04-28 10:18:14] GET /api/session HTTP/1.1
[2026-04-28 10:18:14] GET /favicon.ico HTTP/1.1
[2026-04-28 10:19:02] GET / HTTP/1.1
[2026-04-28 10:19:02]   ✅ 查询词根 - 共269条
[2026-04-28 10:19:02] GET /api/roots HTTP/1.1
[2026-04-28 10:19:02]   ✅ 查询词条 - 共41条, 第1页, 每页9999条
[2026-04-28 10:19:02] GET /api/words?size=9999 HTTP/1.1
[2026-04-28 10:19:02] GET /logo.jpg HTTP/1.1
[2026-04-28 10:19:02] GET /api/session HTTP/1.1
[2026-04-28 10:19:03] GET /favicon.ico HTTP/1.1
[2026-04-28 10:19:05] GET /.well-known/appspecific/com.chrome.devtools.json HTTP/1.1
[2026-04-28 10:19:24] GET / HTTP/1.1
[2026-04-28 10:19:24]   ✅ 查询词根 - 共269条
[2026-04-28 10:19:24] GET /api/roots HTTP/1.1
[2026-04-28 10:19:24]   ✅ 查询词条 - 共41条, 第1页, 每页9999条
[2026-04-28 10:19:24] GET /api/words?size=9999 HTTP/1.1
[2026-04-28 10:19:24] GET /api/session HTTP/1.1
[2026-04-28 10:19:24] GET /logo.jpg HTTP/1.1
[2026-04-28 10:19:25] GET /favicon.ico HTTP/1.1
[2026-04-28 10:19:52] 服务启动
[2026-04-28 10:19:56] GET / HTTP/1.1
[2026-04-28 10:19:56] GET /logo.jpg HTTP/1.1
[2026-04-28 10:19:56]   ✅ 查询词根 - 共269条
[2026-04-28 10:19:56] GET /api/roots HTTP/1.1
[2026-04-28 10:19:57]   ✅ 查询词条 - 共41条, 第1页, 每页9999条
[2026-04-28 10:19:57] GET /api/words?size=9999 HTTP/1.1
[2026-04-28 10:19:57] GET /api/session HTTP/1.1
[2026-04-28 10:19:57] GET /favicon.ico HTTP/1.1
[2026-04-28 10:22:44] 服务启动
[2026-04-28 10:22:52] GET / HTTP/1.1
[2026-04-28 10:22:52] GET /logo.jpg HTTP/1.1
[2026-04-28 10:22:52] GET /api/roots HTTP/1.1
[2026-04-28 10:22:52] GET /api/words?size=9999 HTTP/1.1
[2026-04-28 10:22:53] GET /favicon.ico HTTP/1.1
[2026-04-28 10:22:57]   ✅ 用户登录 - admin
[2026-04-28 10:22:57] POST /api/login HTTP/1.1
[2026-04-28 10:22:57]   ✅ 查询词根 - 共0条
[2026-04-28 10:22:57] GET /api/roots HTTP/1.1
[2026-04-28 10:22:57]   ✅ 查询词条 - 共0条, 第1页, 每页9999条
[2026-04-28 10:22:57] GET /api/words?size=9999 HTTP/1.1
[2026-04-28 10:23:03] GET /api/extract_history HTTP/1.1
[2026-04-28 10:23:15]   ✅ 词根剥离 - 02.烟台华新数智化改造项目一期_数据库设计_营销分册_v20260424_潘灵连已修正_表结构调整_v2 (4).docx → 剥离出 110 个词根
[2026-04-28 10:23:15] POST /api/extract_roots HTTP/1.1
[2026-04-28 10:25:21] POST /api/import_roots HTTP/1.1
[2026-04-28 10:25:21]   ✅ 查询词根 - 共105条
[2026-04-28 10:25:21] GET /api/roots HTTP/1.1
[2026-04-28 10:26:00] GET /api/extract_history HTTP/1.1
[2026-04-28 10:26:01] GET /api/extract_history HTTP/1.1
[2026-04-28 10:26:14] GET /asset_check.html HTTP/1.1
[2026-04-28 10:26:15] GET /gov_check.html HTTP/1.1
[2026-04-28 10:26:39] GET /api/recycle_bin?type=words HTTP/1.1
[2026-04-28 10:26:39] GET /api/recycle_bin?type=roots HTTP/1.1
[2026-04-28 10:27:38] GET /api/extract_history HTTP/1.1
[2026-04-28 10:27:41] GET /api/extract_history/1 HTTP/1.1
[2026-04-28 10:28:31] GET /api/extract_history HTTP/1.1
[2026-04-28 10:33:50] GET /api/extract_history HTTP/1.1
[2026-04-28 10:39:44] 服务启动
[2026-04-28 10:39:47] GET / HTTP/1.1
[2026-04-28 10:39:47] GET /logo.jpg HTTP/1.1
[2026-04-28 10:39:48]   ✅ 查询词根 - 共105条
[2026-04-28 10:39:48] GET /api/roots HTTP/1.1
[2026-04-28 10:39:48]   ✅ 查询词条 - 共0条, 第1页, 每页9999条
[2026-04-28 10:39:48] GET /api/words?size=9999 HTTP/1.1
[2026-04-28 10:39:48] GET /api/session HTTP/1.1
[2026-04-28 10:39:51] GET /api/extract_history HTTP/1.1
[2026-04-28 10:39:53] GET /api/extract_history/1 HTTP/1.1
[2026-04-28 10:40:41] GET /api/extract_history HTTP/1.1
[2026-04-28 10:40:51]   ✅ 词根剥离 - 02.烟台华新数智化改造项目一期_数据库设计_营销分册_v20260424_潘灵连已修正_表结构调整_v2 (4).docx → 剥离出 110 个词根, 1488 个词条
[2026-04-28 10:40:51] POST /api/extract_roots HTTP/1.1
[2026-04-28 10:44:29] GET / HTTP/1.1
[2026-04-28 10:44:29] GET /logo.jpg HTTP/1.1
[2026-04-28 10:44:29]   ✅ 查询词根 - 共105条
[2026-04-28 10:44:29] GET /api/roots HTTP/1.1
[2026-04-28 10:44:30]   ✅ 查询词条 - 共0条, 第1页, 每页9999条
[2026-04-28 10:44:30] GET /api/words?size=9999 HTTP/1.1
[2026-04-28 10:44:30] GET /api/session HTTP/1.1
[2026-04-28 10:44:31] GET /api/extract_history HTTP/1.1
[2026-04-28 10:44:33] GET /api/extract_history/2 HTTP/1.1
[2026-04-28 10:44:35] GET /api/extract_history/2 HTTP/1.1
[2026-04-28 10:44:36] GET /api/extract_history/2 HTTP/1.1
[2026-04-28 10:44:38] GET /api/extract_history/2 HTTP/1.1
[2026-04-28 10:44:41] GET /api/extract_history/1 HTTP/1.1
[2026-04-28 10:44:42] GET /api/extract_history HTTP/1.1
[2026-04-28 10:44:44] GET /api/extract_history/2 HTTP/1.1
[2026-04-28 10:44:45] GET /api/extract_history/2 HTTP/1.1
[2026-04-28 10:44:47] GET /api/extract_history/2 HTTP/1.1
[2026-04-28 10:44:48] GET /api/extract_history/1 HTTP/1.1
[2026-04-28 10:44:50] GET /api/extract_history HTTP/1.1
[2026-04-28 10:44:56]   ✅ 词根剥离 - 02.烟台华新数智化改造项目一期_数据库设计_营销分册_v20260424_潘灵连已修正_表结构调整_v2 (4).docx → 剥离出 110 个词根, 1488 个词条
[2026-04-28 10:44:56] POST /api/extract_roots HTTP/1.1
[2026-04-28 10:44:58] GET /api/extract_history HTTP/1.1
[2026-04-28 10:44:59] GET /api/extract_history/3 HTTP/1.1
[2026-04-28 10:45:00] GET /api/extract_history/3 HTTP/1.1
[2026-04-28 10:45:01] GET /api/extract_history/3 HTTP/1.1
[2026-04-28 10:45:03] GET /api/extract_history/3 HTTP/1.1
[2026-04-28 10:45:04] GET /api/extract_history/3 HTTP/1.1
[2026-04-28 10:45:04] GET /api/extract_history/3 HTTP/1.1
[2026-04-28 10:45:05] GET /api/extract_history/3 HTTP/1.1
[2026-04-28 10:45:06] GET /api/extract_history/3 HTTP/1.1
[2026-04-28 10:45:07] GET /api/extract_history/3 HTTP/1.1
[2026-04-28 10:45:07] GET /api/extract_history/3 HTTP/1.1
[2026-04-28 10:45:07] GET /api/extract_history/3 HTTP/1.1
[2026-04-28 10:45:08] GET /api/extract_history/3 HTTP/1.1
[2026-04-28 10:47:24] 服务启动
[2026-04-28 10:47:27] GET / HTTP/1.1
[2026-04-28 10:47:27] GET /logo.jpg HTTP/1.1
[2026-04-28 10:47:27]   ✅ 查询词根 - 共105条
[2026-04-28 10:47:27] GET /api/roots HTTP/1.1
[2026-04-28 10:47:27]   ✅ 查询词条 - 共0条, 第1页, 每页9999条
[2026-04-28 10:47:27] GET /api/words?size=9999 HTTP/1.1
[2026-04-28 10:47:28] GET /api/session HTTP/1.1
[2026-04-28 10:47:29] GET /api/extract_history HTTP/1.1
[2026-04-28 10:47:36]   ✅ 词根剥离 - 02.烟台华新数智化改造项目一期_数据库设计_营销分册_v20260424_潘灵连已修正_表结构调整_v2 (4).docx → 剥离出 110 个词根, 1488 个词条
[2026-04-28 10:47:36] POST /api/extract_roots HTTP/1.1
[2026-04-28 10:47:39] GET /api/extract_history HTTP/1.1
[2026-04-28 10:47:41] GET /api/extract_history/4 HTTP/1.1
[2026-04-28 10:48:20]   ✅ 批量初始化词条 - 共1201条
[2026-04-28 10:48:20] POST /api/init_words HTTP/1.1
[2026-04-28 10:48:21]   ✅ 查询词条 - 共1201条, 第1页, 每页9999条
[2026-04-28 10:48:21] GET /api/words?size=9999 HTTP/1.1
[2026-04-28 10:48:27] GET / HTTP/1.1
[2026-04-28 10:48:27]   ✅ 查询词根 - 共105条
[2026-04-28 10:48:27] GET /api/roots HTTP/1.1
[2026-04-28 10:48:27]   ✅ 查询词条 - 共1201条, 第1页, 每页9999条
[2026-04-28 10:48:27] GET /api/words?size=9999 HTTP/1.1
[2026-04-28 10:48:28] GET /api/session HTTP/1.1
[2026-04-28 10:48:28] GET /logo.jpg HTTP/1.1
[2026-04-28 10:48:34] GET / HTTP/1.1
[2026-04-28 10:48:34] GET /logo.jpg HTTP/1.1
[2026-04-28 10:48:34]   ✅ 查询词根 - 共105条
[2026-04-28 10:48:34] GET /api/roots HTTP/1.1
[2026-04-28 10:48:34]   ✅ 查询词条 - 共1201条, 第1页, 每页9999条
[2026-04-28 10:48:34] GET /api/words?size=9999 HTTP/1.1
[2026-04-28 10:48:35] GET /api/session HTTP/1.1
[2026-04-28 10:48:38] GET / HTTP/1.1
[2026-04-28 10:48:38]   ✅ 查询词根 - 共105条
[2026-04-28 10:48:38] GET /api/roots HTTP/1.1
[2026-04-28 10:48:38]   ✅ 查询词条 - 共1201条, 第1页, 每页9999条
[2026-04-28 10:48:38] GET /api/words?size=9999 HTTP/1.1
[2026-04-28 10:48:38] GET /logo.jpg HTTP/1.1
[2026-04-28 10:48:38] GET /api/session HTTP/1.1
[2026-04-28 10:48:39] GET /favicon.ico HTTP/1.1
[2026-04-28 10:48:43] GET / HTTP/1.1
[2026-04-28 10:48:43] GET /logo.jpg HTTP/1.1
[2026-04-28 10:48:43]   ✅ 查询词根 - 共105条
[2026-04-28 10:48:43] GET /api/roots HTTP/1.1
[2026-04-28 10:48:44]   ✅ 查询词条 - 共1201条, 第1页, 每页9999条
[2026-04-28 10:48:44] GET /api/words?size=9999 HTTP/1.1
[2026-04-28 10:48:44] GET /api/session HTTP/1.1
[2026-04-28 10:51:44]   ✅ 更新词条 - ID:1201, 定价钢系(盘元)编码(per_ton_steel_id), 状态:pending
[2026-04-28 10:51:44] PUT /api/words/1201 HTTP/1.1
[2026-04-28 10:51:55]   ✅ 批量审核 - 成功:1, 失败:0
[2026-04-28 10:51:55] POST /api/words/batch_approve HTTP/1.1
[2026-04-28 10:52:16]   ✅ 更新词条 - ID:1201, 定价钢系(盘元)编码(per_ton_steel_id), 状态:offline
[2026-04-28 10:52:16] PUT /api/words/1201 HTTP/1.1
[2026-04-28 10:53:45] 服务启动
[2026-04-28 10:53:48] GET / HTTP/1.1
[2026-04-28 10:53:48] GET /logo.jpg HTTP/1.1
[2026-04-28 10:53:48]   ✅ 查询词根 - 共105条
[2026-04-28 10:53:48] GET /api/roots HTTP/1.1
[2026-04-28 10:53:48]   ✅ 查询词条 - 共1201条, 第1页, 每页9999条
[2026-04-28 10:53:48] GET /api/words?size=9999 HTTP/1.1
[2026-04-28 10:53:48] GET /api/session HTTP/1.1
[2026-04-28 10:54:01]   ✅ 批量审核 - 成功:0, 失败:1
[2026-04-28 10:54:01] POST /api/words/batch_approve HTTP/1.1
[2026-04-28 10:55:35]   ✅ 更新词条 - ID:1201, 定价钢系(盘元)编码(per_ton_steel_id), 状态:approved
[2026-04-28 10:55:35] PUT /api/words/1201 HTTP/1.1
[2026-04-28 10:55:50] GET /api/import_logs HTTP/1.1
[2026-04-28 10:56:27]   ✅ 用户登出
[2026-04-28 10:56:27] POST /api/logout HTTP/1.1
[2026-04-28 10:56:31] POST /api/login HTTP/1.1
[2026-04-28 10:56:38] POST /api/login HTTP/1.1
[2026-04-28 10:56:44] POST /api/login HTTP/1.1
[2026-04-28 10:56:46] POST /api/login HTTP/1.1
[2026-04-28 10:56:47] POST /api/login HTTP/1.1
[2026-04-28 10:56:53]   ✅ 用户登录 - admin
[2026-04-28 10:56:53] POST /api/login HTTP/1.1
[2026-04-28 10:56:54]   ✅ 查询词根 - 共105条
[2026-04-28 10:56:54] GET /api/roots HTTP/1.1
[2026-04-28 10:56:54]   ✅ 查询词条 - 共1201条, 第1页, 每页9999条
[2026-04-28 10:56:54] GET /api/words?size=9999 HTTP/1.1
[2026-04-28 10:56:56] GET /api/users HTTP/1.1
[2026-04-28 10:57:05] GET / HTTP/1.1
[2026-04-28 10:57:05] GET /logo.jpg HTTP/1.1
[2026-04-28 10:57:06]   ✅ 查询词根 - 共105条
[2026-04-28 10:57:06] GET /api/roots HTTP/1.1
[2026-04-28 10:57:06]   ✅ 查询词条 - 共1201条, 第1页, 每页9999条
[2026-04-28 10:57:06] GET /api/words?size=9999 HTTP/1.1
[2026-04-28 10:57:06] GET /api/session HTTP/1.1
[2026-04-28 10:59:18] GET / HTTP/1.1
[2026-04-28 10:59:18] GET /logo.jpg HTTP/1.1
[2026-04-28 10:59:18]   ✅ 查询词根 - 共105条
[2026-04-28 10:59:18] GET /api/roots HTTP/1.1
[2026-04-28 10:59:18]   ✅ 查询词条 - 共1201条, 第1页, 每页9999条
[2026-04-28 10:59:18] GET /api/words?size=9999 HTTP/1.1
[2026-04-28 10:59:18] GET /api/session HTTP/1.1
[2026-04-28 11:03:29]   ✅ 批量审核 - 成功:0, 失败:1
[2026-04-28 11:03:29] POST /api/words/batch_approve HTTP/1.1
[2026-04-28 11:03:37]   ✅ 用户登出
[2026-04-28 11:03:37] POST /api/logout HTTP/1.1
[2026-04-28 11:03:41]   ✅ 用户登录 - admin
[2026-04-28 11:03:41] POST /api/login HTTP/1.1
[2026-04-28 11:03:41]   ✅ 查询词根 - 共105条
[2026-04-28 11:03:41] GET /api/roots HTTP/1.1
[2026-04-28 11:03:41]   ✅ 查询词条 - 共1201条, 第1页, 每页9999条
[2026-04-28 11:03:41] GET /api/words?size=9999 HTTP/1.1
[2026-04-28 11:03:55] GET / HTTP/1.1
[2026-04-28 11:03:56]   ✅ 查询词根 - 共105条
[2026-04-28 11:03:56] GET /api/roots HTTP/1.1
[2026-04-28 11:03:56]   ✅ 查询词条 - 共1201条, 第1页, 每页9999条
[2026-04-28 11:03:56] GET /api/words?size=9999 HTTP/1.1
[2026-04-28 11:03:56] GET /api/session HTTP/1.1
[2026-04-28 11:03:56] GET /logo.jpg HTTP/1.1
[2026-04-28 11:04:06]   ✅ 批量审核 - 成功:500, 失败:0
[2026-04-28 11:04:06] POST /api/words/batch_approve HTTP/1.1
[2026-04-28 11:04:06]   ✅ 批量审核 - 成功:500, 失败:0
[2026-04-28 11:04:06] POST /api/words/batch_approve HTTP/1.1
[2026-04-28 11:04:06]   ✅ 批量审核 - 成功:200, 失败:0
[2026-04-28 11:04:06] POST /api/words/batch_approve HTTP/1.1
[2026-04-28 11:04:07]   ✅ 查询词条 - 共1201条, 第1页, 每页9999条
[2026-04-28 11:04:07] GET /api/words?size=9999 HTTP/1.1
[2026-04-28 11:04:14] GET / HTTP/1.1
[2026-04-28 11:04:14]   ✅ 查询词根 - 共105条
[2026-04-28 11:04:14] GET /api/roots HTTP/1.1
[2026-04-28 11:04:14]   ✅ 查询词条 - 共1201条, 第1页, 每页9999条
[2026-04-28 11:04:14] GET /api/words?size=9999 HTTP/1.1
[2026-04-28 11:04:14] GET /logo.jpg HTTP/1.1
[2026-04-28 11:04:15] GET /api/session HTTP/1.1
[2026-04-28 11:04:18] GET /api/users HTTP/1.1
[2026-04-28 11:04:29]   ✅ 新增用户 - jh_fengcheng, 角色:user
[2026-04-28 11:04:29] POST /api/users HTTP/1.1
[2026-04-28 11:04:29] GET /api/users HTTP/1.1
[2026-04-28 11:04:31]   ✅ 用户登出
[2026-04-28 11:04:31] POST /api/logout HTTP/1.1
[2026-04-28 11:04:36]   ✅ 用户登录 - jh_fengcheng
[2026-04-28 11:04:36] POST /api/login HTTP/1.1
[2026-04-28 11:04:37]   ✅ 查询词根 - 共105条
[2026-04-28 11:04:37] GET /api/roots HTTP/1.1
[2026-04-28 11:04:37]   ✅ 查询词条 - 共1201条, 第1页, 每页9999条
[2026-04-28 11:04:37] GET /api/words?size=9999 HTTP/1.1
[2026-04-28 11:07:43]   ✅ 用户登出
[2026-04-28 11:07:43] POST /api/logout HTTP/1.1
[2026-04-28 11:07:47]   ✅ 用户登录 - admin
[2026-04-28 11:07:47] POST /api/login HTTP/1.1
[2026-04-28 11:07:48]   ✅ 查询词根 - 共105条
[2026-04-28 11:07:48] GET /api/roots HTTP/1.1
[2026-04-28 11:07:48]   ✅ 查询词条 - 共1201条, 第1页, 每页9999条
[2026-04-28 11:07:48] GET /api/words?size=9999 HTTP/1.1
[2026-04-28 11:22:24]   ✅ 更新词条 - ID:1180, 当前审批人(current_approve_user_no), 状态:approved
[2026-04-28 11:22:24] PUT /api/words/1180 HTTP/1.1
[2026-04-28 11:22:25]   ✅ 更新词条 - ID:1180, 当前审批人(current_approve_user_no), 状态:approved
[2026-04-28 11:22:25] PUT /api/words/1180 HTTP/1.1
[2026-04-28 11:26:30] GET / HTTP/1.1
[2026-04-28 11:26:31] GET /logo.jpg HTTP/1.1
[2026-04-28 11:26:31]   ✅ 查询词根 - 共105条
[2026-04-28 11:26:31] GET /api/roots HTTP/1.1
[2026-04-28 11:26:31]   ✅ 查询词条 - 共1201条, 第1页, 每页9999条
[2026-04-28 11:26:31] GET /api/words?size=9999 HTTP/1.1
[2026-04-28 11:26:31] GET /api/session HTTP/1.1
